# JRE version: OpenJDK Runtime Environment Temurin-25.0.2+10 (25.0.2+10) (build 25.0.2+10-LTS)
# Java VM: OpenJDK 64-Bit Server VM Temurin-25.0.2+10 (25.0.2+10-LTS, mixed mode, sharing, tiered, compressed oops, compressed class ptrs, parallel gc, bsd-aarch64)
GC Precious Log:
 CardTable entry size: 512
 CPUs: 10 total, 10 available
 Memory: 16384M
 Large Page Support: Disabled
 NUMA Support: Disabled
 Compressed Oops: Enabled (Zero based)
 Alignments: Space 512K, Generation 512K, Heap 8M
 Heap Min Capacity: 104M
 Heap Initial Capacity: 104M
 Heap Max Capacity: 2G
 Pre-touch: Disabled
 Parallel Workers: 9
Heap:
 PSYoungGen      total 27648K, used 26423K [0x00000007d5580000, 0x00000007d8780000, 0x0000000800000000)
  eden space 22016K, 94% used [0x00000007d5580000,0x00000007d69d1f80,0x00000007d6b00000)
  from space 5632K, 99% used [0x00000007d7680000,0x00000007d7bfc010,0x00000007d7c00000)
  to   space 11776K, 0% used [0x00000007d6b00000,0x00000007d6b00000,0x00000007d7680000)
 ParOldGen       total 683520K, used 683280K [0x0000000780000000, 0x00000007a9b80000, 0x00000007d5580000)
  object space 683520K, 99% used [0x0000000780000000,0x00000007a9b44030,0x00000007a9b80000)
GC Heap Usage History (20 events):
Event: 194354.916 {heap Before GC invocations=11319 (full 33):
 PSYoungGen      total 33280K, used 32681K [0x00000007d5580000, 0x00000007d7800000, 0x0000000800000000)
  eden space 31232K, 100% used [0x00000007d5580000,0x00000007d7400000,0x00000007d7400000)
  from space 2048K, 70% used [0x00000007d7600000,0x00000007d776a640,0x00000007d7800000)
  to   space 2048K, 0% used [0x00000007d7400000,0x00000007d7400000,0x00000007d7600000)
 ParOldGen       total 631296K, used 630961K [0x0000000780000000, 0x00000007a6880000, 0x00000007dEvent: 194354.917 {heap After GC invocations=11319 (full 33):
 PSYoungGen      total 33280K, used 1429K [0x00000007d5580000, 0x00000007d7800000, 0x0000000800000000)
  eden space 31232K, 0% used [0x00000007d5580000,0x00000007d5580000,0x00000007d7400000)
  from space 2048K, 69% used [0x00000007d7400000,0x00000007d7565420,0x00000007d7600000)
  to   space 1536K, 0% used [0x00000007d7680000,0x00000007d7680000,0x00000007d7800000)
 ParOldGen       total 632320K, used 632292K [0x0000000780000000, 0x00000007a6980000, 0x00000007d5580Event: 194357.898 {heap Before GC invocations=11320 (full 33):
 PSYoungGen      total 33280K, used 32661K [0x00000007d5580000, 0x00000007d7800000, 0x0000000800000000)
  eden space 31232K, 100% used [0x00000007d5580000,0x00000007d7400000,0x00000007d7400000)
  from space 2048K, 69% used [0x00000007d7400000,0x00000007d7565420,0x00000007d7600000)
  to   space 1536K, 0% used [0x00000007d7680000,0x00000007d7680000,0x00000007d7800000)
 ParOldGen       total 632320K, used 632292K [0x0000000780000000, 0x00000007a6980000, 0x00000007dEvent: 194357.900 {heap After GC invocations=11320 (full 33):
 PSYoungGen      total 31744K, used 1529K [0x00000007d5580000, 0x00000007d7a80000, 0x0000000800000000)
  eden space 30208K, 0% used [0x00000007d5580000,0x00000007d5580000,0x00000007d7300000)
  from space 1536K, 99% used [0x00000007d7680000,0x00000007d77fe670,0x00000007d7800000)
  to   space 3584K, 0% used [0x00000007d7300000,0x00000007d7300000,0x00000007d7680000)
 ParOldGen       total 633856K, used 633750K [0x0000000780000000, 0x00000007a6b00000, 0x00000007d5580Event: 194358.319 {heap Before GC invocations=11321 (full 33):
 PSYoungGen      total 31744K, used 31737K [0x00000007d5580000, 0x00000007d7a80000, 0x0000000800000000)
  eden space 30208K, 100% used [0x00000007d5580000,0x00000007d7300000,0x00000007d7300000)
  from space 1536K, 99% used [0x00000007d7680000,0x00000007d77fe670,0x00000007d7800000)
  to   space 3584K, 0% used [0x00000007d7300000,0x00000007d7300000,0x00000007d7680000)
 ParOldGen       total 633856K, used 633750K [0x0000000780000000, 0x00000007a6b00000, 0x00000007dEvent: 194358.322 {heap After GC invocations=11321 (full 33):
 PSYoungGen      total 31232K, used 916K [0x00000007d5580000, 0x00000007d7800000, 0x0000000800000000)
  eden space 30208K, 0% used [0x00000007d5580000,0x00000007d5580000,0x00000007d7300000)
  from space 1024K, 89% used [0x00000007d7300000,0x00000007d73e5200,0x00000007d7400000)
  to   space 2048K, 0% used [0x00000007d7600000,0x00000007d7600000,0x00000007d7800000)
 ParOldGen       total 635392K, used 635267K [0x0000000780000000, 0x00000007a6c80000, 0x00000007d55800Event: 194358.872 {heap Before GC invocations=11322 (full 33):
 PSYoungGen      total 31232K, used 31124K [0x00000007d5580000, 0x00000007d7800000, 0x0000000800000000)
  eden space 30208K, 100% used [0x00000007d5580000,0x00000007d7300000,0x00000007d7300000)
  from space 1024K, 89% used [0x00000007d7300000,0x00000007d73e5200,0x00000007d7400000)
  to   space 2048K, 0% used [0x00000007d7600000,0x00000007d7600000,0x00000007d7800000)
 ParOldGen       total 635392K, used 635267K [0x0000000780000000, 0x00000007a6c80000, 0x00000007dEvent: 194358.878 {heap After GC invocations=11322 (full 33):
 PSYoungGen      total 28160K, used 2019K [0x00000007d5580000, 0x00000007d8080000, 0x0000000800000000)
  eden space 26112K, 0% used [0x00000007d5580000,0x00000007d5580000,0x00000007d6f00000)
  from space 2048K, 98% used [0x00000007d7600000,0x00000007d77f8e50,0x00000007d7800000)
  to   space 7168K, 0% used [0x00000007d6f00000,0x00000007d6f00000,0x00000007d7600000)
 ParOldGen       total 639488K, used 639152K [0x0000000780000000, 0x00000007a7080000, 0x00000007d5580Event: 194358.934 {heap Before GC invocations=11323 (full 33):
 PSYoungGen      total 28160K, used 28131K [0x00000007d5580000, 0x00000007d8080000, 0x0000000800000000)
  eden space 26112K, 100% used [0x00000007d5580000,0x00000007d6f00000,0x00000007d6f00000)
  from space 2048K, 98% used [0x00000007d7600000,0x00000007d77f8e50,0x00000007d7800000)
  to   space 7168K, 0% used [0x00000007d6f00000,0x00000007d6f00000,0x00000007d7600000)
 ParOldGen       total 639488K, used 639152K [0x0000000780000000, 0x00000007a7080000, 0x00000007dEvent: 194358.935 {heap After GC invocations=11323 (full 33):
 PSYoungGen      total 31232K, used 5574K [0x00000007d5580000, 0x00000007d7a80000, 0x0000000800000000)
  eden space 25600K, 0% used [0x00000007d5580000,0x00000007d5580000,0x00000007d6e80000)
  from space 5632K, 98% used [0x00000007d6f00000,0x00000007d7471b00,0x00000007d7480000)
  to   space 6144K, 0% used [0x00000007d7480000,0x00000007d7480000,0x00000007d7a80000)
 ParOldGen       total 639488K, used 639241K [0x0000000780000000, 0x00000007a7080000, 0x00000007d5580Event: 194358.973 {heap Before GC invocations=11324 (full 33):
 PSYoungGen      total 31232K, used 27846K [0x00000007d5580000, 0x00000007d7a80000, 0x0000000800000000)
  eden space 25600K, 86% used [0x00000007d5580000,0x00000007d6b3fd60,0x00000007d6e80000)
  from space 5632K, 98% used [0x00000007d6f00000,0x00000007d7471b00,0x00000007d7480000)
  to   space 6144K, 0% used [0x00000007d7480000,0x00000007d7480000,0x00000007d7a80000)
 ParOldGen       total 639488K, used 639241K [0x0000000780000000, 0x00000007a7080000, 0x00000007d5Event: 194358.975 {heap After GC invocations=11324 (full 33):
 PSYoungGen      total 23552K, used 6112K [0x00000007d5580000, 0x00000007d8a00000, 0x0000000800000000)
  eden space 17408K, 0% used [0x00000007d5580000,0x00000007d5580000,0x00000007d6680000)
  from space 6144K, 99% used [0x00000007d7480000,0x00000007d7a78020,0x00000007d7a80000)
  to   space 14336K, 0% used [0x00000007d6680000,0x00000007d6680000,0x00000007d7480000)
 ParOldGen       total 646144K, used 646055K [0x0000000780000000, 0x00000007a7700000, 0x00000007d558Event: 194366.107 {heap Before GC invocations=11325 (full 33):
 PSYoungGen      total 23552K, used 23428K [0x00000007d5580000, 0x00000007d8a00000, 0x0000000800000000)
  eden space 17408K, 99% used [0x00000007d5580000,0x00000007d6669140,0x00000007d6680000)
  from space 6144K, 99% used [0x00000007d7480000,0x00000007d7a78020,0x00000007d7a80000)
  to   space 14336K, 0% used [0x00000007d6680000,0x00000007d6680000,0x00000007d7480000)
 ParOldGen       total 669696K, used 669095K [0x0000000780000000, 0x00000007a8e00000, 0x00000007dEvent: 194366.109 {heap After GC invocations=11325 (full 33):
 PSYoungGen      total 17920K, used 256K [0x00000007d5580000, 0x00000007d7800000, 0x0000000800000000)
  eden space 17408K, 0% used [0x00000007d5580000,0x00000007d5580000,0x00000007d6680000)
  from space 512K, 50% used [0x00000007d6680000,0x00000007d66c0000,0x00000007d6700000)
  to   space 5120K, 0% used [0x00000007d7300000,0x00000007d7300000,0x00000007d7800000)
 ParOldGen       total 675328K, used 675095K [0x0000000780000000, 0x00000007a9380000, 0x00000007d558000Event: 194366.208 {heap Before GC invocations=11326 (full 33):
 PSYoungGen      total 17920K, used 17657K [0x00000007d5580000, 0x00000007d7800000, 0x0000000800000000)
  eden space 17408K, 99% used [0x00000007d5580000,0x00000007d667e678,0x00000007d6680000)
  from space 512K, 50% used [0x00000007d6680000,0x00000007d66c0000,0x00000007d6700000)
  to   space 5120K, 0% used [0x00000007d7300000,0x00000007d7300000,0x00000007d7800000)
 ParOldGen       total 675328K, used 675095K [0x0000000780000000, 0x00000007a9380000, 0x00000007d55Event: 194366.209 {heap After GC invocations=11326 (full 33):
 PSYoungGen      total 33792K, used 768K [0x00000007d5580000, 0x00000007d7800000, 0x0000000800000000)
  eden space 28672K, 0% used [0x00000007d5580000,0x00000007d5580000,0x00000007d7180000)
  from space 5120K, 15% used [0x00000007d7300000,0x00000007d73c0000,0x00000007d7800000)
  to   space 1536K, 0% used [0x00000007d7180000,0x00000007d7180000,0x00000007d7300000)
 ParOldGen       total 675328K, used 675180K [0x0000000780000000, 0x00000007a9380000, 0x00000007d55800Event: 194366.255 {heap Before GC invocations=11327 (full 33):
 PSYoungGen      total 33792K, used 29440K [0x00000007d5580000, 0x00000007d7800000, 0x0000000800000000)
  eden space 28672K, 100% used [0x00000007d5580000,0x00000007d7180000,0x00000007d7180000)
  from space 5120K, 15% used [0x00000007d7300000,0x00000007d73c0000,0x00000007d7800000)
  to   space 1536K, 0% used [0x00000007d7180000,0x00000007d7180000,0x00000007d7300000)
 ParOldGen       total 675328K, used 675180K [0x0000000780000000, 0x00000007a9380000, 0x00000007dEvent: 194366.256 {heap After GC invocations=11327 (full 33):
 PSYoungGen      total 29696K, used 1510K [0x00000007d5580000, 0x00000007d7c00000, 0x0000000800000000)
  eden space 28160K, 0% used [0x00000007d5580000,0x00000007d5580000,0x00000007d7100000)
  from space 1536K, 98% used [0x00000007d7180000,0x00000007d72f9b00,0x00000007d7300000)
  to   space 5632K, 0% used [0x00000007d7680000,0x00000007d7680000,0x00000007d7c00000)
 ParOldGen       total 678912K, used 678537K [0x0000000780000000, 0x00000007a9700000, 0x00000007d5580Event: 194366.851 {heap Before GC invocations=11328 (full 33):
 PSYoungGen      total 29696K, used 29669K [0x00000007d5580000, 0x00000007d7c00000, 0x0000000800000000)
  eden space 28160K, 99% used [0x00000007d5580000,0x00000007d70ffa98,0x00000007d7100000)
  from space 1536K, 98% used [0x00000007d7180000,0x00000007d72f9b00,0x00000007d7300000)
  to   space 5632K, 0% used [0x00000007d7680000,0x00000007d7680000,0x00000007d7c00000)
 ParOldGen       total 678912K, used 678537K [0x0000000780000000, 0x00000007a9700000, 0x00000007d5Event: 194366.853 {heap After GC invocations=11328 (full 33):
 PSYoungGen      total 27648K, used 5616K [0x00000007d5580000, 0x00000007d8780000, 0x0000000800000000)
  eden space 22016K, 0% used [0x00000007d5580000,0x00000007d5580000,0x00000007d6b00000)
  from space 5632K, 99% used [0x00000007d7680000,0x00000007d7bfc010,0x00000007d7c00000)
  to   space 11776K, 0% used [0x00000007d6b00000,0x00000007d6b00000,0x00000007d7680000)
 ParOldGen       total 683520K, used 683280K [0x0000000780000000, 0x00000007a9b80000, 0x00000007d558
Metaspace Usage History (20 events):
Event: 194354.916 {metaspace Before GC invocations=11319 (full 33):
 Metaspace       used 110747K, committed 112640K, reserved 1179648K
  class space    used 11289K, committed 12224K, reserved 1048576K
}
Event: 194354.917 {metaspace After GC invocations=11319 (full 33):
 Metaspace       used 110747K, committed 112640K, reserved 1179648K
  class space    used 11289K, committed 12224K, reserved 1048576K
}
Event: 194357.898 {metaspace Before GC invocations=11320 (full 33):
 Metaspace       used 110747K, committed 112640K, reserved 1179648K
  class space    used 11289K, committed 12224K, reserved 1048576K
}
Event: 194357.900 {metaspace After GC invocations=11320 (full 33):
 Metaspace       used 110747K, committed 112640K, reserved 1179648K
  class space    used 11289K, committed 12224K, reserved 1048576K
}
Event: 194358.319 {metaspace Before GC invocations=11321 (full 33):
 Metaspace       used 110747K, committed 112640K, reserved 1179648K
  class space    used 11289K, committed 12224K, reserved 1048576K
}
Event: 194358.322 {metaspace After GC invocations=11321 (full 33):
 Metaspace       used 110747K, committed 112640K, reserved 1179648K
  class space    used 11289K, committed 12224K, reserved 1048576K
}
Event: 194358.872 {metaspace Before GC invocations=11322 (full 33):
 Metaspace       used 110747K, committed 112640K, reserved 1179648K
  class space    used 11289K, committed 12224K, reserved 1048576K
}
Event: 194358.878 {metaspace After GC invocations=11322 (full 33):
 Metaspace       used 110747K, committed 112640K, reserved 1179648K
  class space    used 11289K, committed 12224K, reserved 1048576K
}
Event: 194358.934 {metaspace Before GC invocations=11323 (full 33):
 Metaspace       used 110747K, committed 112640K, reserved 1179648K
  class space    used 11289K, committed 12224K, reserved 1048576K
}
Event: 194358.935 {metaspace After GC invocations=11323 (full 33):
 Metaspace       used 110747K, committed 112640K, reserved 1179648K
  class space    used 11289K, committed 12224K, reserved 1048576K
}
Event: 194358.973 {metaspace Before GC invocations=11324 (full 33):
 Metaspace       used 110753K, committed 112640K, reserved 1179648K
  class space    used 11289K, committed 12224K, reserved 1048576K
}
Event: 194358.975 {metaspace After GC invocations=11324 (full 33):
 Metaspace       used 110753K, committed 112640K, reserved 1179648K
  class space    used 11289K, committed 12224K, reserved 1048576K
}
Event: 194366.107 {metaspace Before GC invocations=11325 (full 33):
 Metaspace       used 110796K, committed 112704K, reserved 1179648K
  class space    used 11300K, committed 12224K, reserved 1048576K
}
Event: 194366.109 {metaspace After GC invocations=11325 (full 33):
 Metaspace       used 110796K, committed 112704K, reserved 1179648K
  class space    used 11300K, committed 12224K, reserved 1048576K
}
Event: 194366.208 {metaspace Before GC invocations=11326 (full 33):
 Metaspace       used 110996K, committed 112832K, reserved 1179648K
  class space    used 11335K, committed 12224K, reserved 1048576K
}
Event: 194366.209 {metaspace After GC invocations=11326 (full 33):
 Metaspace       used 110996K, committed 112832K, reserved 1179648K
  class space    used 11335K, committed 12224K, reserved 1048576K
}
Event: 194366.255 {metaspace Before GC invocations=11327 (full 33):
 Metaspace       used 110996K, committed 112832K, reserved 1179648K
  class space    used 11335K, committed 12224K, reserved 1048576K
}
Event: 194366.256 {metaspace After GC invocations=11327 (full 33):
 Metaspace       used 110996K, committed 112832K, reserved 1179648K
  class space    used 11335K, committed 12224K, reserved 1048576K
}
Event: 194366.851 {metaspace Before GC invocations=11328 (full 33):
 Metaspace       used 111619K, committed 113728K, reserved 1179648K
  class space    used 11442K, committed 12416K, reserved 1048576K
}
Event: 194366.853 {metaspace After GC invocations=11328 (full 33):
 Metaspace       used 111619K, committed 113728K, reserved 1179648K
  class space    used 11442K, committed 12416K, reserved 1048576K
}

